2025-01-04 17:16:03.995 [info] Reading sessions from keychain...
2025-01-04 17:16:03.995 [info] Getting sessions for all scopes...
2025-01-04 17:16:03.995 [info] Getting sessions for all scopes...
2025-01-04 17:16:03.996 [info] Getting sessions for all scopes...
2025-01-04 17:16:03.996 [info] Getting sessions for all scopes...
2025-01-04 17:16:03.997 [info] Getting sessions for all scopes...
2025-01-04 17:16:03.997 [info] Getting sessions for all scopes...
2025-01-04 17:16:03.997 [info] Getting sessions for all scopes...
2025-01-04 17:16:04.000 [info] Got stored sessions!
2025-01-04 17:16:04.000 [info] Got 1 verified sessions.
2025-01-04 17:16:04.000 [info] Got 1 sessions for ...
2025-01-04 17:16:04.000 [info] Got 1 sessions for ...
2025-01-04 17:16:04.000 [info] Got 1 sessions for ...
2025-01-04 17:16:04.000 [info] Got 1 sessions for ...
2025-01-04 17:16:04.000 [info] Got 1 sessions for ...
2025-01-04 17:16:04.000 [info] Got 1 sessions for ...
2025-01-04 17:16:04.000 [info] Got 1 sessions for ...
2025-01-04 17:16:04.092 [info] Getting sessions for all scopes...
2025-01-04 17:16:04.092 [info] Got 1 sessions for ...
2025-01-04 17:16:04.103 [info] Getting sessions for user:email...
2025-01-04 17:16:04.103 [info] Got 1 sessions for user:email...
2025-01-04 17:16:05.235 [info] Getting sessions for read:user,repo,user:email,workflow...
2025-01-04 17:16:05.235 [info] Got 0 sessions for read:user,repo,user:email,workflow...
2025-01-04 17:16:05.235 [info] Getting sessions for all scopes...
2025-01-04 17:16:05.235 [info] Got 1 sessions for ...
2025-01-04 17:16:05.235 [info] Getting sessions for all scopes...
2025-01-04 17:16:05.235 [info] Got 1 sessions for ...
2025-01-04 17:16:05.237 [info] Getting sessions for read:user...
2025-01-04 17:16:05.237 [info] Got 0 sessions for read:user...
2025-01-04 17:16:05.237 [info] Getting sessions for read:user,repo,user:email,workflow...
2025-01-04 17:16:05.237 [info] Got 0 sessions for read:user,repo,user:email,workflow...
2025-01-04 17:16:05.238 [info] Getting sessions for user:email...
2025-01-04 17:16:05.238 [info] Got 1 sessions for user:email...
2025-01-04 17:16:05.238 [info] Getting sessions for user:email...
2025-01-04 17:16:05.238 [info] Got 1 sessions for user:email...
2025-01-04 17:16:05.244 [info] Getting sessions for all scopes...
2025-01-04 17:16:05.244 [info] Got 1 sessions for ...
2025-01-04 17:16:06.063 [info] Getting sessions for read:user,repo,user:email,workflow...
2025-01-04 17:16:06.063 [info] Got 0 sessions for read:user,repo,user:email,workflow...
2025-01-04 17:16:06.182 [info] Getting sessions for user:email...
2025-01-04 17:16:06.182 [info] Got 1 sessions for user:email...
2025-01-04 17:16:06.211 [info] Getting sessions for all scopes...
2025-01-04 17:16:06.211 [info] Got 1 sessions for ...
2025-01-04 17:16:06.213 [info] Getting sessions for read:user,repo,user:email,workflow...
2025-01-04 17:16:06.213 [info] Got 0 sessions for read:user,repo,user:email,workflow...
2025-01-04 17:16:06.214 [info] Getting sessions for user:email...
2025-01-04 17:16:06.214 [info] Got 1 sessions for user:email...
2025-01-04 17:16:06.857 [info] Getting sessions for all scopes...
2025-01-04 17:16:06.857 [info] Got 1 sessions for ...
2025-01-04 17:16:06.859 [info] Getting sessions for read:user,repo,user:email,workflow...
2025-01-04 17:16:06.859 [info] Got 0 sessions for read:user,repo,user:email,workflow...
2025-01-04 17:16:06.862 [info] Getting sessions for user:email...
2025-01-04 17:16:06.862 [info] Got 1 sessions for user:email...
2025-01-04 17:16:07.198 [info] Getting sessions for all scopes...
2025-01-04 17:16:07.198 [info] Got 1 sessions for ...
2025-01-04 17:16:07.199 [info] Getting sessions for all scopes...
2025-01-04 17:16:07.199 [info] Got 1 sessions for ...
2025-01-04 17:16:07.206 [info] Getting sessions for read:user,repo,user:email,workflow...
2025-01-04 17:16:07.206 [info] Got 0 sessions for read:user,repo,user:email,workflow...
2025-01-04 17:16:07.207 [info] Getting sessions for user:email...
2025-01-04 17:16:07.207 [info] Got 1 sessions for user:email...
2025-01-04 17:16:07.209 [info] Getting sessions for all scopes...
2025-01-04 17:16:07.209 [info] Got 1 sessions for ...
2025-01-04 17:16:07.209 [info] Getting sessions for read:user,repo,user:email,workflow...
2025-01-04 17:16:07.210 [info] Got 0 sessions for read:user,repo,user:email,workflow...
2025-01-04 17:16:07.210 [info] Getting sessions for user:email...
2025-01-04 17:16:07.211 [info] Got 1 sessions for user:email...
2025-01-04 17:16:07.249 [info] Getting sessions for all scopes...
2025-01-04 17:16:07.249 [info] Got 1 sessions for ...
2025-01-04 17:16:07.256 [info] Getting sessions for read:user,repo,user:email,workflow...
2025-01-04 17:16:07.256 [info] Got 0 sessions for read:user,repo,user:email,workflow...
2025-01-04 17:16:07.257 [info] Getting sessions for user:email...
2025-01-04 17:16:07.257 [info] Got 1 sessions for user:email...
2025-01-04 17:16:07.831 [info] Getting sessions for read:user,repo,user:email,workflow...
2025-01-04 17:16:07.831 [info] Got 0 sessions for read:user,repo,user:email,workflow...
2025-01-04 17:16:07.833 [info] Getting sessions for read:user...
2025-01-04 17:16:07.833 [info] Got 0 sessions for read:user...
2025-01-04 17:16:07.845 [info] Getting sessions for user:email...
2025-01-04 17:16:07.845 [info] Got 1 sessions for user:email...
2025-01-04 17:16:08.626 [info] Getting sessions for all scopes...
2025-01-04 17:16:08.626 [info] Got 1 sessions for ...
2025-01-04 17:16:08.627 [info] Getting sessions for read:user,repo,user:email,workflow...
2025-01-04 17:16:08.627 [info] Got 0 sessions for read:user,repo,user:email,workflow...
2025-01-04 17:16:08.628 [info] Getting sessions for user:email...
2025-01-04 17:16:08.628 [info] Got 1 sessions for user:email...
2025-01-04 17:16:11.230 [info] Getting sessions for all scopes...
2025-01-04 17:16:11.230 [info] Got 1 sessions for ...
