2025-01-04 17:16:03.615 [info] Using settings sync service https://vscode-sync.trafficmanager.net/
2025-01-04 17:16:03.615 [info] Auto Sync is enabled.
2025-01-04 17:16:03.615 [info] Auto Sync: Suspended until auth token is available.
2025-01-04 17:16:04.190 [info] Auto Sync: Triggered by Interval
2025-01-04 17:16:04.190 [info] Sync started.
2025-01-04 17:16:05.716 [info] Settings: No changes found during synchronizing settings.
2025-01-04 17:16:05.721 [info] Keybindings: No changes found during synchronizing keybindings.
2025-01-04 17:16:05.724 [info] Snippets: No changes found during synchronizing snippets.
2025-01-04 17:16:05.726 [info] Tasks: No changes found during synchronizing tasks.
2025-01-04 17:16:07.052 [info] GlobalState: Updated remote ui state. Updated: javascript.1.lastSessionDate,javascript.1.sessionCount,typescript.1.lastSessionDate,typescript.1.sessionCount,csharp.1.lastSessionDate,csharp.1.sessionCount,cpp.1.lastSessionDate,cpp.1.sessionCount,java.2.lastSessionDate,java.2.sessionCount.
2025-01-04 17:16:07.054 [info] GlobalState: Updated last synchronized ui state
2025-01-04 17:16:07.076 [info] Extensions: No changes found during synchronizing extensions.
2025-01-04 17:16:07.079 [info] Profiles: No changes found during synchronizing profiles.
2025-01-04 17:16:07.080 [info] Sync done. Took 2891ms
2025-01-04 17:16:08.981 [info] Auto Sync: Triggered by Activity
2025-01-04 17:16:08.981 [info] Sync started.
2025-01-04 17:16:09.197 [info] Settings: No changes found during synchronizing settings.
2025-01-04 17:16:09.199 [info] Keybindings: No changes found during synchronizing keybindings.
2025-01-04 17:16:09.201 [info] Snippets: No changes found during synchronizing snippets.
2025-01-04 17:16:09.202 [info] Tasks: No changes found during synchronizing tasks.
2025-01-04 17:16:09.205 [info] GlobalState: No changes found during synchronizing ui state.
2025-01-04 17:16:09.229 [info] Extensions: No changes found during synchronizing extensions.
2025-01-04 17:16:09.230 [info] Profiles: No changes found during synchronizing profiles.
2025-01-04 17:16:09.232 [info] Sync done. Took 253ms
