2025-01-04 17:10:23.351 [info] Reading sessions from keychain...
2025-01-04 17:10:23.351 [info] Getting sessions for all scopes...
2025-01-04 17:10:23.351 [info] Getting sessions for all scopes...
2025-01-04 17:10:23.352 [info] Getting sessions for all scopes...
2025-01-04 17:10:23.352 [info] Getting sessions for all scopes...
2025-01-04 17:10:23.352 [info] Getting sessions for all scopes...
2025-01-04 17:10:23.352 [info] Getting sessions for all scopes...
2025-01-04 17:10:23.352 [info] Getting sessions for all scopes...
2025-01-04 17:10:23.355 [info] Got 0 sessions for ...
2025-01-04 17:10:23.355 [info] Got 0 sessions for ...
2025-01-04 17:10:23.355 [info] Got 0 sessions for ...
2025-01-04 17:10:23.355 [info] Got 0 sessions for ...
2025-01-04 17:10:23.355 [info] Got 0 sessions for ...
2025-01-04 17:10:23.355 [info] Got 0 sessions for ...
2025-01-04 17:10:23.355 [info] Got 0 sessions for ...
2025-01-04 17:10:25.256 [info] Getting sessions for all scopes...
2025-01-04 17:10:25.256 [info] Got 0 sessions for ...
2025-01-04 17:13:04.132 [info] Getting sessions for user:email...
2025-01-04 17:13:04.132 [info] Got 0 sessions for user:email...
2025-01-04 17:13:06.437 [info] Logging in with 'any' account...
2025-01-04 17:13:06.437 [info] Logging in for the following scopes: user:email
2025-01-04 17:13:06.462 [info] Trying without local server... (user:email)
2025-01-04 17:13:29.021 [info] Exchanging code for token...
2025-01-04 17:13:29.783 [info] Token exchange success!
2025-01-04 17:13:29.785 [info] Getting user info...
2025-01-04 17:13:30.295 [info] Got account info!
2025-01-04 17:13:30.295 [info] Storing 1 sessions...
2025-01-04 17:13:32.192 [info] Reading sessions from keychain...
2025-01-04 17:13:32.192 [info] Stored 1 sessions!
2025-01-04 17:13:32.192 [info] Login success!
2025-01-04 17:13:32.225 [info] Getting sessions for all scopes...
2025-01-04 17:13:32.225 [info] Getting sessions for user:email...
2025-01-04 17:13:32.225 [info] Got stored sessions!
2025-01-04 17:13:32.225 [info] Got 1 verified sessions.
2025-01-04 17:13:32.225 [info] Got 1 sessions for ...
2025-01-04 17:13:32.225 [info] Got 1 sessions for user:email...
2025-01-04 17:13:42.774 [info] Getting sessions for all scopes...
2025-01-04 17:13:42.774 [info] Got 1 sessions for ...
2025-01-04 17:15:08.436 [info] Getting sessions for all scopes...
2025-01-04 17:15:08.436 [info] Got 1 sessions for ...
2025-01-04 17:15:08.436 [info] Getting sessions for all scopes...
2025-01-04 17:15:08.436 [info] Got 1 sessions for ...
2025-01-04 17:15:08.437 [info] Getting sessions for read:user,repo,user:email,workflow...
2025-01-04 17:15:08.437 [info] Got 0 sessions for read:user,repo,user:email,workflow...
2025-01-04 17:15:08.439 [info] Getting sessions for read:user,repo,user:email,workflow...
2025-01-04 17:15:08.439 [info] Got 0 sessions for read:user,repo,user:email,workflow...
2025-01-04 17:15:08.439 [info] Getting sessions for read:user...
2025-01-04 17:15:08.439 [info] Got 0 sessions for read:user...
2025-01-04 17:15:08.440 [info] Getting sessions for user:email...
2025-01-04 17:15:08.440 [info] Got 1 sessions for user:email...
2025-01-04 17:15:08.440 [info] Getting sessions for user:email...
2025-01-04 17:15:08.440 [info] Got 1 sessions for user:email...
2025-01-04 17:15:08.443 [info] Getting sessions for all scopes...
2025-01-04 17:15:08.443 [info] Got 1 sessions for ...
2025-01-04 17:15:08.444 [info] Getting sessions for read:user,repo,user:email,workflow...
2025-01-04 17:15:08.444 [info] Got 0 sessions for read:user,repo,user:email,workflow...
2025-01-04 17:15:08.444 [info] Getting sessions for user:email...
2025-01-04 17:15:08.444 [info] Got 1 sessions for user:email...
2025-01-04 17:15:08.445 [info] Getting sessions for all scopes...
2025-01-04 17:15:08.445 [info] Got 1 sessions for ...
2025-01-04 17:15:08.452 [info] Getting sessions for read:user,repo,user:email,workflow...
2025-01-04 17:15:08.452 [info] Got 0 sessions for read:user,repo,user:email,workflow...
2025-01-04 17:15:09.194 [info] Getting sessions for user:email...
2025-01-04 17:15:09.194 [info] Got 1 sessions for user:email...
2025-01-04 17:15:10.388 [info] Getting sessions for all scopes...
2025-01-04 17:15:10.388 [info] Got 1 sessions for ...
2025-01-04 17:15:10.390 [info] Getting sessions for read:user,repo,user:email,workflow...
2025-01-04 17:15:10.390 [info] Got 0 sessions for read:user,repo,user:email,workflow...
2025-01-04 17:15:10.391 [info] Getting sessions for user:email...
2025-01-04 17:15:10.391 [info] Got 1 sessions for user:email...
2025-01-04 17:15:12.067 [info] Getting sessions for all scopes...
2025-01-04 17:15:12.067 [info] Got 1 sessions for ...
2025-01-04 17:15:12.067 [info] Getting sessions for all scopes...
2025-01-04 17:15:12.067 [info] Got 1 sessions for ...
2025-01-04 17:15:12.085 [info] Getting sessions for read:user,repo,user:email,workflow...
2025-01-04 17:15:12.085 [info] Got 0 sessions for read:user,repo,user:email,workflow...
2025-01-04 17:15:12.098 [info] Getting sessions for user:email...
2025-01-04 17:15:12.098 [info] Got 1 sessions for user:email...
2025-01-04 17:15:12.100 [info] Getting sessions for all scopes...
2025-01-04 17:15:12.100 [info] Got 1 sessions for ...
2025-01-04 17:15:12.101 [info] Getting sessions for read:user,repo,user:email,workflow...
2025-01-04 17:15:12.101 [info] Got 0 sessions for read:user,repo,user:email,workflow...
2025-01-04 17:15:12.105 [info] Getting sessions for user:email...
2025-01-04 17:15:12.105 [info] Got 1 sessions for user:email...
2025-01-04 17:15:12.180 [info] Getting sessions for all scopes...
2025-01-04 17:15:12.180 [info] Got 1 sessions for ...
2025-01-04 17:15:12.211 [info] Getting sessions for read:user,repo,user:email,workflow...
2025-01-04 17:15:12.211 [info] Got 0 sessions for read:user,repo,user:email,workflow...
2025-01-04 17:15:12.212 [info] Getting sessions for user:email...
2025-01-04 17:15:12.212 [info] Got 1 sessions for user:email...
2025-01-04 17:15:13.979 [info] Getting sessions for read:user,repo,user:email,workflow...
2025-01-04 17:15:13.979 [info] Got 0 sessions for read:user,repo,user:email,workflow...
2025-01-04 17:15:13.985 [info] Getting sessions for read:user...
2025-01-04 17:15:13.985 [info] Got 0 sessions for read:user...
2025-01-04 17:15:13.987 [info] Getting sessions for user:email...
2025-01-04 17:15:13.987 [info] Got 1 sessions for user:email...
2025-01-04 17:15:14.642 [info] Getting sessions for all scopes...
2025-01-04 17:15:14.642 [info] Got 1 sessions for ...
2025-01-04 17:15:14.644 [info] Getting sessions for read:user,repo,user:email,workflow...
2025-01-04 17:15:14.644 [info] Got 0 sessions for read:user,repo,user:email,workflow...
2025-01-04 17:15:14.647 [info] Getting sessions for user:email...
2025-01-04 17:15:14.647 [info] Got 1 sessions for user:email...
